<?xml version="1.0" encoding="UTF-8"?>
<testsuite name="seamfinding.SeamFinderTests$RuntimeExperiments" tests="5" skipped="0" failures="0" errors="0" timestamp="2024-11-22T22:53:21" hostname="MacBook-Air-743.local" time="314.991">
  <properties/>
  <testcase name="randomPictures()" classname="seamfinding.SeamFinderTests$RuntimeExperiments" time="77.365"/>
  <testcase name="randomPictures()" classname="seamfinding.SeamFinderTests$RuntimeExperiments" time="71.591"/>
  <testcase name="randomPictures()" classname="seamfinding.SeamFinderTests$RuntimeExperiments" time="3.974"/>
  <testcase name="randomPictures()" classname="seamfinding.SeamFinderTests$RuntimeExperiments" time="90.963"/>
  <testcase name="randomPictures()" classname="seamfinding.SeamFinderTests$RuntimeExperiments" time="66.586"/>
  <system-out><![CDATA[25,562547
50,2005003
75,3838920
100,7547560
125,11403068
150,17980708
175,27169252
200,37126567
225,60611364
250,117174148
275,151562342
300,149799438
325,182179398
350,225047273
375,239340778
400,264218495
425,311504597
450,368243212
475,425904143
500,489359887
25,498805
50,2271715
75,4704645
100,8574642
125,14364045
150,21287967
175,35098608
200,90780192
225,78303408
250,97586885
275,117759942
300,162891720
325,184655560
350,183120470
375,214416293
400,245810182
425,287140290
450,328616023
475,366807722
500,415811047
25,61733
50,231195
75,470692
100,1031428
125,1194718
150,1677805
175,2379703
200,3147012
225,3867063
250,4988193
275,5887152
300,7018508
325,8207975
350,9617438
375,10959272
400,12632492
425,25541055
450,17813427
475,19097312
500,22253065
25,1244730
50,2385158
75,4786788
100,8869282
125,14371033
150,21632875
175,30704127
200,43823128
225,82238038
250,103148103
275,143929193
300,170230863
325,213762698
350,246375533
375,334790335
400,338443088
425,428053240
450,420452625
475,479051448
500,547782652
25,505803
50,2271550
75,4545665
100,8668467
125,14223275
150,21180807
175,31208455
200,42377857
225,76095635
250,84636410
275,98995127
300,123724467
325,148607847
350,178193767
375,204723178
400,234960615
425,271521972
450,333764117
475,362840550
500,419265990
]]></system-out>
  <system-err><![CDATA[]]></system-err>
</testsuite>
