<?xml version="1.0" encoding="UTF-8"?>
<testsuite name="seamfinding.DynamicProgrammingSeamFinderTests" tests="18" skipped="0" failures="0" errors="0" timestamp="2024-11-22T22:55:51" hostname="MacBook-Air-743.local" time="0.109">
  <properties/>
  <testcase name="[1] HJoceanSmall" classname="seamfinding.DynamicProgrammingSeamFinderTests" time="0.039"/>
  <testcase name="[2] stripes" classname="seamfinding.DynamicProgrammingSeamFinderTests" time="0.005"/>
  <testcase name="[3] diagonals" classname="seamfinding.DynamicProgrammingSeamFinderTests" time="0.002"/>
  <testcase name="[4] diag_test" classname="seamfinding.DynamicProgrammingSeamFinderTests" time="0.002"/>
  <testcase name="[5] chameleon" classname="seamfinding.DynamicProgrammingSeamFinderTests" time="0.036"/>
  <testcase name="[6] 12x10" classname="seamfinding.DynamicProgrammingSeamFinderTests" time="0.001"/>
  <testcase name="[7] 10x12" classname="seamfinding.DynamicProgrammingSeamFinderTests" time="0.001"/>
  <testcase name="[8] 10x10" classname="seamfinding.DynamicProgrammingSeamFinderTests" time="0.001"/>
  <testcase name="[9] 8x3" classname="seamfinding.DynamicProgrammingSeamFinderTests" time="0.001"/>
  <testcase name="[10] 7x10" classname="seamfinding.DynamicProgrammingSeamFinderTests" time="0.001"/>
  <testcase name="[11] 7x3" classname="seamfinding.DynamicProgrammingSeamFinderTests" time="0.001"/>
  <testcase name="[12] 6x5" classname="seamfinding.DynamicProgrammingSeamFinderTests" time="0.002"/>
  <testcase name="[13] 5x6" classname="seamfinding.DynamicProgrammingSeamFinderTests" time="0.001"/>
  <testcase name="[14] 4x6" classname="seamfinding.DynamicProgrammingSeamFinderTests" time="0.002"/>
  <testcase name="[15] 3x8" classname="seamfinding.DynamicProgrammingSeamFinderTests" time="0.002"/>
  <testcase name="[16] 3x7" classname="seamfinding.DynamicProgrammingSeamFinderTests" time="0.002"/>
  <testcase name="[17] 3x4" classname="seamfinding.DynamicProgrammingSeamFinderTests" time="0.001"/>
  <testcase name="[18] 3x3" classname="seamfinding.DynamicProgrammingSeamFinderTests" time="0.002"/>
  <system-out><![CDATA[]]></system-out>
  <system-err><![CDATA[]]></system-err>
</testsuite>
